# JRE version: OpenJDK Runtime Environment (11.0.6+10) (build 11.0.6+10-post-Ubuntu-1ubuntu118.04.1)
# Java VM: OpenJDK 64-Bit Server VM (11.0.6+10-post-Ubuntu-1ubuntu118.04.1, mixed mode, sharing, tiered, compressed oops, g1 gc, linux-amd64)
Heap:
 garbage-first heap   total 267264K, used 46882K [0x00000000e0c00000, 0x0000000100000000)
  region size 1024K, 1 young (1024K), 1 survivors (1024K)
 Metaspace       used 47825K, capacity 52090K, committed 52380K, reserved 1095680K
  class space    used 5497K, capacity 6837K, committed 6912K, reserved 1048576K
GC Heap History (20 events):
Event: 4.937 GC heap after
{Heap after GC invocations=26 (full 0):
 garbage-first heap   total 137216K, used 70740K [0x00000000e0c00000, 0x0000000100000000)
  region size 1024K, 4 young (4096K), 4 survivors (4096K)
 Metaspace       used 11991K, capacity 12956K, committed 13312K, reserved 1060864K
  class space    used 1133K, capacity 1413K, committed 1536K, reserved 1048576K
}
Event: 5.626 GC heap before
{Heap before GC invocations=27 (full 0):
 garbage-first heap   total 137216K, used 56404K [0x00000000e0c00000, 0x0000000100000000)
  region size 1024K, 26 young (26624K), 4 survivors (4096K)
 Metaspace       used 12273K, capacity 13292K, committed 13568K, reserved 1060864K
  class space    used 1133K, capacity 1414K, committed 1536K, reserved 1048576K
}
Event: 5.656 GC heap after
{Heap after GC invocations=28 (full 0):
 garbage-first heap   total 223232K, used 36933K [0x00000000e0c00000, 0x0000000100000000)
  region size 1024K, 4 young (4096K), 4 survivors (4096K)
 Metaspace       used 12273K, capacity 13292K, committed 13568K, reserved 1060864K
  class space    used 1133K, capacity 1414K, committed 1536K, reserved 1048576K
}
Event: 5.841 GC heap before
{Heap before GC invocations=28 (full 0):
 garbage-first heap   total 223232K, used 42053K [0x00000000e0c00000, 0x0000000100000000)
  region size 1024K, 10 young (10240K), 4 survivors (4096K)
 Metaspace       used 12329K, capacity 13292K, committed 13568K, reserved 1060864K
  class space    used 1133K, capacity 1414K, committed 1536K, reserved 1048576K
}
Event: 5.846 GC heap after
{Heap after GC invocations=29 (full 0):
 garbage-first heap   total 223232K, used 31278K [0x00000000e0c00000, 0x0000000100000000)
  region size 1024K, 2 young (2048K), 2 survivors (2048K)
 Metaspace       used 12329K, capacity 13292K, committed 13568K, reserved 1060864K
  class space    used 1133K, capacity 1414K, committed 1536K, reserved 1048576K
}
Event: 6.905 GC heap before
{Heap before GC invocations=29 (full 0):
 garbage-first heap   total 223232K, used 93742K [0x00000000e0c00000, 0x0000000100000000)
  region size 1024K, 62 young (63488K), 2 survivors (2048K)
 Metaspace       used 13335K, capacity 14390K, committed 14720K, reserved 1062912K
  class space    used 1223K, capacity 1546K, committed 1664K, reserved 1048576K
}
Event: 6.953 GC heap after
{Heap after GC invocations=30 (full 0):
 garbage-first heap   total 223232K, used 36256K [0x00000000e0c00000, 0x0000000100000000)
  region size 1024K, 7 young (7168K), 7 survivors (7168K)
 Metaspace       used 13335K, capacity 14390K, committed 14720K, reserved 1062912K
  class space    used 1223K, capacity 1546K, committed 1664K, reserved 1048576K
}
Event: 8.232 GC heap before
{Heap before GC invocations=30 (full 0):
 garbage-first heap   total 223232K, used 116128K [0x00000000e0c00000, 0x0000000100000000)
  region size 1024K, 84 young (86016K), 7 survivors (7168K)
 Metaspace       used 15477K, capacity 16981K, committed 17152K, reserved 1064960K
  class space    used 1473K, capacity 1965K, committed 2048K, reserved 1048576K
}
Event: 8.240 GC heap after
{Heap after GC invocations=31 (full 0):
 garbage-first heap   total 223232K, used 37267K [0x00000000e0c00000, 0x0000000100000000)
  region size 1024K, 2 young (2048K), 2 survivors (2048K)
 Metaspace       used 15477K, capacity 16981K, committed 17152K, reserved 1064960K
  class space    used 1473K, capacity 1965K, committed 2048K, reserved 1048576K
}
Event: 8.812 GC heap before
{Heap before GC invocations=31 (full 0):
 garbage-first heap   total 223232K, used 47507K [0x00000000e0c00000, 0x0000000100000000)
  region size 1024K, 14 young (14336K), 2 survivors (2048K)
 Metaspace       used 19883K, capacity 21844K, committed 22144K, reserved 1069056K
  class space    used 2067K, capacity 2688K, committed 2688K, reserved 1048576K
}
Event: 8.816 GC heap after
{Heap after GC invocations=32 (full 0):
 garbage-first heap   total 223232K, used 38154K [0x00000000e0c00000, 0x0000000100000000)
  region size 1024K, 3 young (3072K), 3 survivors (3072K)
 Metaspace       used 19883K, capacity 21844K, committed 22144K, reserved 1069056K
  class space    used 2067K, capacity 2688K, committed 2688K, reserved 1048576K
}
Event: 10.911 GC heap before
{Heap before GC invocations=33 (full 0):
 garbage-first heap   total 223232K, used 80138K [0x00000000e0c00000, 0x0000000100000000)
  region size 1024K, 46 young (47104K), 3 survivors (3072K)
 Metaspace       used 34123K, capacity 37372K, committed 37536K, reserved 1081344K
  class space    used 3883K, capacity 4806K, committed 4864K, reserved 1048576K
}
Event: 11.007 GC heap after
{Heap after GC invocations=34 (full 0):
 garbage-first heap   total 223232K, used 43451K [0x00000000e0c00000, 0x0000000100000000)
  region size 1024K, 8 young (8192K), 8 survivors (8192K)
 Metaspace       used 34123K, capacity 37372K, committed 37536K, reserved 1081344K
  class space    used 3883K, capacity 4806K, committed 4864K, reserved 1048576K
}
Event: 11.023 GC heap before
{Heap before GC invocations=34 (full 0):
 garbage-first heap   total 223232K, used 43451K [0x00000000e0c00000, 0x0000000100000000)
  region size 1024K, 9 young (9216K), 8 survivors (8192K)
 Metaspace       used 34263K, capacity 37596K, committed 37792K, reserved 1083392K
  class space    used 3893K, capacity 4838K, committed 4864K, reserved 1048576K
}
Event: 11.049 GC heap after
{Heap after GC invocations=35 (full 0):
 garbage-first heap   total 223232K, used 42176K [0x00000000e0c00000, 0x0000000100000000)
  region size 1024K, 1 young (1024K), 1 survivors (1024K)
 Metaspace       used 34263K, capacity 37596K, committed 37792K, reserved 1083392K
  class space    used 3893K, capacity 4838K, committed 4864K, reserved 1048576K
}
Event: 11.121 GC heap before
{Heap before GC invocations=35 (full 0):
 garbage-first heap   total 223232K, used 42176K [0x00000000e0c00000, 0x0000000100000000)
  region size 1024K, 2 young (2048K), 1 survivors (1024K)
 Metaspace       used 34600K, capacity 37916K, committed 38200K, reserved 1083392K
  class space    used 3917K, capacity 4838K, committed 4864K, reserved 1048576K
}
Event: 11.125 GC heap after
{Heap after GC invocations=36 (full 0):
 garbage-first heap   total 223232K, used 41442K [0x00000000e0c00000, 0x0000000100000000)
  region size 1024K, 1 young (1024K), 1 survivors (1024K)
 Metaspace       used 34600K, capacity 37916K, committed 38200K, reserved 1083392K
  class space    used 3917K, capacity 4838K, committed 4864K, reserved 1048576K
}
Event: 34.936 GC heap before
{Heap before GC invocations=37 (full 0):
 garbage-first heap   total 223232K, used 102882K [0x00000000e0c00000, 0x0000000100000000)
  region size 1024K, 62 young (63488K), 1 survivors (1024K)
 Metaspace       used 47738K, capacity 51947K, committed 52380K, reserved 1095680K
  class space    used 5491K, capacity 6836K, committed 6912K, reserved 1048576K
}
Event: 35.251 GC heap after
{Heap after GC invocations=38 (full 0):
 garbage-first heap   total 223232K, used 49213K [0x00000000e0c00000, 0x0000000100000000)
  region size 1024K, 8 young (8192K), 8 survivors (8192K)
 Metaspace       used 47738K, capacity 51947K, committed 52380K, reserved 1095680K
  class space    used 5491K, capacity 6836K, committed 6912K, reserved 1048576K
}
Event: 37.009 GC heap before
{Heap before GC invocations=38 (full 0):
 garbage-first heap   total 223232K, used 51261K [0x00000000e0c00000, 0x0000000100000000)
  region size 1024K, 10 young (10240K), 8 survivors (8192K)
 Metaspace       used 47825K, capacity 52090K, committed 52380K, reserved 1095680K
  class space    used 5497K, capacity 6837K, committed 6912K, reserved 1048576K
}

